loi.nguyen/task_firebase/build/app/intermediates/manifest_merge_blame_file/release/manifest-merger-blame-release-report.txt
1<?xml version="1.0" encoding="utf-8"?>
2<manifest xmlns:android="http://schemas.android.com/apk/res/android"
3    package="com.example.task_firebase"
4    android:versionCode="4001"
5    android:versionName="1.0.0" >
6
7    <uses-sdk
8        android:minSdkVersion="21"
8-->src\main\AndroidManifest.xml
9        android:targetSdkVersion="33" />
9-->src\main\AndroidManifest.xml
10
11    <uses-permission android:name="android.permission.INTERNET" />
11-->src\main\AndroidManifest.xml:3:5-66
11-->src\main\AndroidManifest.xml:3:22-64
12    <uses-permission android:name="android.permission.WAKE_LOCK" />
12-->[:firebase_messaging] AndroidManifest.xml:10:5-68
12-->[:firebase_messaging] AndroidManifest.xml:10:22-65
13    <uses-permission android:name="android.permission.ACCESS_NETWORK_STATE" /> <!-- Permissions options for the `notification` group -->
13-->[:firebase_messaging] AndroidManifest.xml:11:5-79
13-->[:firebase_messaging] AndroidManifest.xml:11:22-76
14    <uses-permission android:name="android.permission.POST_NOTIFICATIONS" />
14-->[:firebase_messaging] AndroidManifest.xml:13:5-77
14-->[:firebase_messaging] AndroidManifest.xml:13:22-74
15
16    <queries>
16-->[com.facebook.android:facebook-common:16.0.1] AndroidManifest.xml:17:5-19:15
17        <package android:name="com.facebook.katana" />
17-->[com.facebook.android:facebook-common:16.0.1] AndroidManifest.xml:18:9-55
17-->[com.facebook.android:facebook-common:16.0.1] AndroidManifest.xml:18:18-52
18    </queries> <!-- Required by older versions of Google Play services to create IID tokens -->
19    <uses-permission android:name="com.google.android.c2dm.permission.RECEIVE" />
19-->[com.google.firebase:firebase-messaging:23.1.2] AndroidManifest.xml:28:5-82
19-->[com.google.firebase:firebase-messaging:23.1.2] AndroidManifest.xml:28:22-79
20    <uses-permission android:name="com.google.android.gms.permission.AD_ID" />
20-->[com.facebook.android:facebook-core:16.0.1] AndroidManifest.xml:16:5-79
20-->[com.facebook.android:facebook-core:16.0.1] AndroidManifest.xml:16:22-76
21
22    <permission
22-->[androidx.core:core:1.9.0] AndroidManifest.xml:22:5-24:47
23        android:name="com.example.task_firebase.DYNAMIC_RECEIVER_NOT_EXPORTED_PERMISSION"
23-->[androidx.core:core:1.9.0] AndroidManifest.xml:23:9-81
24        android:protectionLevel="signature" />
24-->[androidx.core:core:1.9.0] AndroidManifest.xml:24:9-44
25
26    <uses-permission android:name="com.example.task_firebase.DYNAMIC_RECEIVER_NOT_EXPORTED_PERMISSION" />
26-->[androidx.core:core:1.9.0] AndroidManifest.xml:26:5-97
26-->[androidx.core:core:1.9.0] AndroidManifest.xml:26:22-94
27    <uses-permission android:name="com.google.android.finsky.permission.BIND_GET_INSTALL_REFERRER_SERVICE" />
27-->[com.android.installreferrer:installreferrer:1.0] AndroidManifest.xml:9:5-110
27-->[com.android.installreferrer:installreferrer:1.0] AndroidManifest.xml:9:22-107
28
29    <application
30        android:name="android.app.Application"
30-->src\main\AndroidManifest.xml:6:9-42
31        android:appComponentFactory="androidx.core.app.CoreComponentFactory"
31-->[androidx.core:core:1.9.0] AndroidManifest.xml:28:18-86
32        android:icon="@mipmap/ic_launcher"
32-->src\main\AndroidManifest.xml:8:9-43
33        android:label="task_firebase"
33-->src\main\AndroidManifest.xml:5:9-38
34        android:supportsRtl="true" >
34-->[com.facebook.android:facebook-login:16.0.1] AndroidManifest.xml:16:18-44
35        <meta-data
35-->src\main\AndroidManifest.xml:10:9-12:54
36            android:name="com.facebook.sdk.ApplicationId"
36-->src\main\AndroidManifest.xml:11:12-57
37            android:value="@string/facebook_app_id" />
37-->src\main\AndroidManifest.xml:12:12-51
38        <meta-data
38-->src\main\AndroidManifest.xml:13:9-15:59
39            android:name="com.facebook.sdk.ClientToken"
39-->src\main\AndroidManifest.xml:14:12-55
40            android:value="@string/facebook_client_token" />
40-->src\main\AndroidManifest.xml:15:12-57
41
42        <activity
42-->src\main\AndroidManifest.xml:17:9-52:20
43            android:name="com.example.task_firebase.MainActivity"
43-->src\main\AndroidManifest.xml:18:13-41
44            android:configChanges="orientation|keyboardHidden|keyboard|screenSize|smallestScreenSize|locale|layoutDirection|fontScale|screenLayout|density|uiMode"
44-->src\main\AndroidManifest.xml:22:13-163
45            android:exported="true"
45-->src\main\AndroidManifest.xml:19:13-36
46            android:hardwareAccelerated="true"
46-->src\main\AndroidManifest.xml:23:13-47
47            android:launchMode="singleTop"
47-->src\main\AndroidManifest.xml:20:13-43
48            android:theme="@style/LaunchTheme"
48-->src\main\AndroidManifest.xml:21:13-47
49            android:windowSoftInputMode="adjustResize" >
49-->src\main\AndroidManifest.xml:24:13-55
50
51            <!--
52                 Specifies an Android theme to apply to this Activity as soon as
53                 the Android process has started. This theme is visible to the user
54                 while the Flutter UI initializes. After that, this theme continues
55                 to determine the Window background behind the Flutter UI.
56            -->
57            <meta-data
57-->src\main\AndroidManifest.xml:29:13-32:17
58                android:name="io.flutter.embedding.android.NormalTheme"
58-->src\main\AndroidManifest.xml:30:15-70
59                android:resource="@style/NormalTheme" />
59-->src\main\AndroidManifest.xml:31:15-52
60
61            <intent-filter>
61-->src\main\AndroidManifest.xml:34:13-37:29
62                <action android:name="android.intent.action.MAIN" />
62-->src\main\AndroidManifest.xml:35:17-68
62-->src\main\AndroidManifest.xml:35:25-66
63
64                <category android:name="android.intent.category.LAUNCHER" />
64-->src\main\AndroidManifest.xml:36:17-76
64-->src\main\AndroidManifest.xml:36:27-74
65            </intent-filter>
66
67            <!-- facebook -->
68            <intent-filter>
68-->src\main\AndroidManifest.xml:40:13-45:30
69                <action android:name="android.intent.action.VIEW" />
69-->src\main\AndroidManifest.xml:41:17-69
69-->src\main\AndroidManifest.xml:41:25-66
70
71                <category android:name="android.intent.category.DEFAULT" />
71-->src\main\AndroidManifest.xml:42:17-76
71-->src\main\AndroidManifest.xml:42:27-73
72                <category android:name="android.intent.category.BROWSABLE" />
72-->src\main\AndroidManifest.xml:43:17-78
72-->src\main\AndroidManifest.xml:43:27-75
73
74                <data android:scheme="@string/fb_login_protocol_scheme" />
74-->src\main\AndroidManifest.xml:44:17-75
74-->src\main\AndroidManifest.xml:44:23-72
75            </intent-filter>
76            <!-- github -->
77            <intent-filter>
77-->src\main\AndroidManifest.xml:47:14-49:29
78                <data
78-->src\main\AndroidManifest.xml:44:17-75
79                    android:host="githubauth"
79-->src\main\AndroidManifest.xml:48:66-91
80                    android:path="/callback"
80-->src\main\AndroidManifest.xml:48:92-116
81                    android:scheme="com.example.task_firebase" />
81-->src\main\AndroidManifest.xml:44:23-72
82            </intent-filter>
83        </activity>
84        <!--
85             Don't delete the meta-data below.
86             This is used by the Flutter tool to generate GeneratedPluginRegistrant.java
87        -->
88        <meta-data
88-->src\main\AndroidManifest.xml:55:9-57:33
89            android:name="flutterEmbedding"
89-->src\main\AndroidManifest.xml:56:13-44
90            android:value="2" />
90-->src\main\AndroidManifest.xml:57:13-30
91
92        <service
92-->[:cloud_firestore] AndroidManifest.xml:10:9-14:19
93            android:name="com.google.firebase.components.ComponentDiscoveryService"
93-->[:cloud_firestore] AndroidManifest.xml:10:18-89
94            android:directBootAware="true"
94-->[com.google.firebase:firebase-common:20.3.2] AndroidManifest.xml:34:13-43
95            android:exported="false" >
95-->[com.google.firebase:firebase-auth:21.3.0] AndroidManifest.xml:68:13-37
96            <meta-data
96-->[:cloud_firestore] AndroidManifest.xml:11:13-13:85
97                android:name="com.google.firebase.components:io.flutter.plugins.firebase.firestore.FlutterFirebaseFirestoreRegistrar"
97-->[:cloud_firestore] AndroidManifest.xml:12:17-134
98                android:value="com.google.firebase.components.ComponentRegistrar" />
98-->[:cloud_firestore] AndroidManifest.xml:13:17-82
99            <meta-data
99-->[:firebase_auth] AndroidManifest.xml:11:13-13:85
100                android:name="com.google.firebase.components:io.flutter.plugins.firebase.auth.FlutterFirebaseAuthRegistrar"
100-->[:firebase_auth] AndroidManifest.xml:12:17-124
101                android:value="com.google.firebase.components.ComponentRegistrar" />
101-->[:firebase_auth] AndroidManifest.xml:13:17-82
102            <meta-data
102-->[:firebase_storage] AndroidManifest.xml:11:13-13:85
103                android:name="com.google.firebase.components:io.flutter.plugins.firebase.storage.FlutterFirebaseAppRegistrar"
103-->[:firebase_storage] AndroidManifest.xml:12:17-126
104                android:value="com.google.firebase.components.ComponentRegistrar" />
104-->[:firebase_storage] AndroidManifest.xml:13:17-82
105            <meta-data
105-->[:firebase_messaging] AndroidManifest.xml:38:13-40:85
106                android:name="com.google.firebase.components:io.flutter.plugins.firebase.messaging.FlutterFirebaseAppRegistrar"
106-->[:firebase_messaging] AndroidManifest.xml:39:17-128
107                android:value="com.google.firebase.components.ComponentRegistrar" />
107-->[:firebase_messaging] AndroidManifest.xml:40:17-82
108            <meta-data
108-->[:firebase_core] AndroidManifest.xml:11:13-13:85
109                android:name="com.google.firebase.components:io.flutter.plugins.firebase.core.FlutterFirebaseCoreRegistrar"
109-->[:firebase_core] AndroidManifest.xml:12:17-124
110                android:value="com.google.firebase.components.ComponentRegistrar" />
110-->[:firebase_core] AndroidManifest.xml:13:17-82
111            <meta-data
111-->[com.google.firebase:firebase-auth:21.3.0] AndroidManifest.xml:69:13-71:85
112                android:name="com.google.firebase.components:com.google.firebase.auth.FirebaseAuthRegistrar"
112-->[com.google.firebase:firebase-auth:21.3.0] AndroidManifest.xml:70:17-109
113                android:value="com.google.firebase.components.ComponentRegistrar" />
113-->[com.google.firebase:firebase-auth:21.3.0] AndroidManifest.xml:71:17-82
114            <meta-data
114-->[com.google.firebase:firebase-firestore:24.5.0] AndroidManifest.xml:19:13-21:85
115                android:name="com.google.firebase.components:com.google.firebase.firestore.FirestoreRegistrar"
115-->[com.google.firebase:firebase-firestore:24.5.0] AndroidManifest.xml:20:17-111
116                android:value="com.google.firebase.components.ComponentRegistrar" />
116-->[com.google.firebase:firebase-firestore:24.5.0] AndroidManifest.xml:21:17-82
117            <meta-data
117-->[com.google.firebase:firebase-messaging:23.1.2] AndroidManifest.xml:55:13-57:85
118                android:name="com.google.firebase.components:com.google.firebase.messaging.FirebaseMessagingRegistrar"
118-->[com.google.firebase:firebase-messaging:23.1.2] AndroidManifest.xml:56:17-119
119                android:value="com.google.firebase.components.ComponentRegistrar" />
119-->[com.google.firebase:firebase-messaging:23.1.2] AndroidManifest.xml:57:17-82
120            <meta-data
120-->[com.google.firebase:firebase-storage:20.1.0] AndroidManifest.xml:32:13-34:85
121                android:name="com.google.firebase.components:com.google.firebase.storage.StorageRegistrar"
121-->[com.google.firebase:firebase-storage:20.1.0] AndroidManifest.xml:33:17-107
122                android:value="com.google.firebase.components.ComponentRegistrar" />
122-->[com.google.firebase:firebase-storage:20.1.0] AndroidManifest.xml:34:17-82
123            <meta-data
123-->[com.google.firebase:firebase-iid:21.1.0] AndroidManifest.xml:32:13-34:85
124                android:name="com.google.firebase.components:com.google.firebase.iid.Registrar"
124-->[com.google.firebase:firebase-iid:21.1.0] AndroidManifest.xml:33:17-96
125                android:value="com.google.firebase.components.ComponentRegistrar" />
125-->[com.google.firebase:firebase-iid:21.1.0] AndroidManifest.xml:34:17-82
126            <meta-data
126-->[com.google.firebase:firebase-installations:17.1.3] AndroidManifest.xml:17:13-19:85
127                android:name="com.google.firebase.components:com.google.firebase.installations.FirebaseInstallationsRegistrar"
127-->[com.google.firebase:firebase-installations:17.1.3] AndroidManifest.xml:18:17-127
128                android:value="com.google.firebase.components.ComponentRegistrar" />
128-->[com.google.firebase:firebase-installations:17.1.3] AndroidManifest.xml:19:17-82
129            <meta-data
129-->[com.google.firebase:firebase-datatransport:18.1.7] AndroidManifest.xml:27:13-29:85
130                android:name="com.google.firebase.components:com.google.firebase.datatransport.TransportRegistrar"
130-->[com.google.firebase:firebase-datatransport:18.1.7] AndroidManifest.xml:28:17-115
131                android:value="com.google.firebase.components.ComponentRegistrar" />
131-->[com.google.firebase:firebase-datatransport:18.1.7] AndroidManifest.xml:29:17-82
132        </service>
133        <service
133-->[:firebase_messaging] AndroidManifest.xml:16:9-19:72
134            android:name="io.flutter.plugins.firebase.messaging.FlutterFirebaseMessagingBackgroundService"
134-->[:firebase_messaging] AndroidManifest.xml:17:13-107
135            android:exported="false"
135-->[:firebase_messaging] AndroidManifest.xml:18:13-37
136            android:permission="android.permission.BIND_JOB_SERVICE" />
136-->[:firebase_messaging] AndroidManifest.xml:19:13-69
137        <service
137-->[:firebase_messaging] AndroidManifest.xml:20:9-26:19
138            android:name="io.flutter.plugins.firebase.messaging.FlutterFirebaseMessagingService"
138-->[:firebase_messaging] AndroidManifest.xml:21:13-97
139            android:exported="false" >
139-->[:firebase_messaging] AndroidManifest.xml:22:13-37
140            <intent-filter>
140-->[:firebase_messaging] AndroidManifest.xml:23:13-25:29
141                <action android:name="com.google.firebase.MESSAGING_EVENT" />
141-->[:firebase_messaging] AndroidManifest.xml:24:17-78
141-->[:firebase_messaging] AndroidManifest.xml:24:25-75
142            </intent-filter>
143        </service>
144
145        <receiver
145-->[:firebase_messaging] AndroidManifest.xml:28:9-35:20
146            android:name="io.flutter.plugins.firebase.messaging.FlutterFirebaseMessagingReceiver"
146-->[:firebase_messaging] AndroidManifest.xml:29:13-98
147            android:exported="true"
147-->[:firebase_messaging] AndroidManifest.xml:30:13-36
148            android:permission="com.google.android.c2dm.permission.SEND" >
148-->[:firebase_messaging] AndroidManifest.xml:31:13-73
149            <intent-filter>
149-->[:firebase_messaging] AndroidManifest.xml:32:13-34:29
150                <action android:name="com.google.android.c2dm.intent.RECEIVE" />
150-->[:firebase_messaging] AndroidManifest.xml:33:17-81
150-->[:firebase_messaging] AndroidManifest.xml:33:25-78
151            </intent-filter>
152        </receiver>
153
154        <provider
154-->[:firebase_messaging] AndroidManifest.xml:43:9-47:38
155            android:name="io.flutter.plugins.firebase.messaging.FlutterFirebaseMessagingInitProvider"
155-->[:firebase_messaging] AndroidManifest.xml:44:13-102
156            android:authorities="com.example.task_firebase.flutterfirebasemessaginginitprovider"
156-->[:firebase_messaging] AndroidManifest.xml:45:13-88
157            android:exported="false"
157-->[:firebase_messaging] AndroidManifest.xml:46:13-37
158            android:initOrder="99" />
158-->[:firebase_messaging] AndroidManifest.xml:47:13-35
159        <provider
159-->[:image_picker_android] AndroidManifest.xml:10:9-18:20
160            android:name="io.flutter.plugins.imagepicker.ImagePickerFileProvider"
160-->[:image_picker_android] AndroidManifest.xml:11:13-82
161            android:authorities="com.example.task_firebase.flutter.image_provider"
161-->[:image_picker_android] AndroidManifest.xml:12:13-74
162            android:exported="false"
162-->[:image_picker_android] AndroidManifest.xml:13:13-37
163            android:grantUriPermissions="true" >
163-->[:image_picker_android] AndroidManifest.xml:14:13-47
164            <meta-data
164-->[:image_picker_android] AndroidManifest.xml:15:13-17:75
165                android:name="android.support.FILE_PROVIDER_PATHS"
165-->[:image_picker_android] AndroidManifest.xml:16:17-67
166                android:resource="@xml/flutter_image_picker_file_paths" />
166-->[:image_picker_android] AndroidManifest.xml:17:17-72
167        </provider>
168        <provider
168-->[:flutter_webview_plugin] AndroidManifest.xml:11:9-20:20
169            android:name="androidx.core.content.FileProvider"
169-->[:flutter_webview_plugin] AndroidManifest.xml:12:13-62
170            android:authorities="com.example.task_firebase.fileprovider"
170-->[:flutter_webview_plugin] AndroidManifest.xml:13:13-64
171            android:exported="false"
171-->[:flutter_webview_plugin] AndroidManifest.xml:14:13-37
172            android:grantUriPermissions="true" >
172-->[:flutter_webview_plugin] AndroidManifest.xml:15:13-47
173            <meta-data
173-->[:image_picker_android] AndroidManifest.xml:15:13-17:75
174                android:name="android.support.FILE_PROVIDER_PATHS"
174-->[:image_picker_android] AndroidManifest.xml:16:17-67
175                android:resource="@xml/filepaths" />
175-->[:image_picker_android] AndroidManifest.xml:17:17-72
176        </provider>
177
178        <activity
178-->[com.facebook.android:facebook-common:16.0.1] AndroidManifest.xml:22:9-25:66
179            android:name="com.facebook.FacebookActivity"
179-->[com.facebook.android:facebook-common:16.0.1] AndroidManifest.xml:23:13-57
180            android:configChanges="keyboard|keyboardHidden|screenLayout|screenSize|orientation"
180-->[com.facebook.android:facebook-common:16.0.1] AndroidManifest.xml:24:13-96
181            android:theme="@style/com_facebook_activity_theme" />
181-->[com.facebook.android:facebook-common:16.0.1] AndroidManifest.xml:25:13-63
182        <activity android:name="com.facebook.CustomTabMainActivity" />
182-->[com.facebook.android:facebook-common:16.0.1] AndroidManifest.xml:26:9-71
182-->[com.facebook.android:facebook-common:16.0.1] AndroidManifest.xml:26:19-68
183        <activity
183-->[com.facebook.android:facebook-common:16.0.1] AndroidManifest.xml:27:9-41:20
184            android:name="com.facebook.CustomTabActivity"
184-->[com.facebook.android:facebook-common:16.0.1] AndroidManifest.xml:28:13-58
185            android:exported="true" >
185-->[com.facebook.android:facebook-common:16.0.1] AndroidManifest.xml:29:13-36
186            <intent-filter>
186-->[com.facebook.android:facebook-common:16.0.1] AndroidManifest.xml:31:13-40:29
187                <action android:name="android.intent.action.VIEW" />
187-->src\main\AndroidManifest.xml:41:17-69
187-->src\main\AndroidManifest.xml:41:25-66
188
189                <category android:name="android.intent.category.DEFAULT" />
189-->src\main\AndroidManifest.xml:42:17-76
189-->src\main\AndroidManifest.xml:42:27-73
190                <category android:name="android.intent.category.BROWSABLE" />
190-->src\main\AndroidManifest.xml:43:17-78
190-->src\main\AndroidManifest.xml:43:27-75
191
192                <data
192-->src\main\AndroidManifest.xml:44:17-75
193                    android:host="cct.com.example.task_firebase"
193-->src\main\AndroidManifest.xml:48:66-91
194                    android:scheme="fbconnect" />
194-->src\main\AndroidManifest.xml:44:23-72
195            </intent-filter>
196        </activity>
197        <activity
197-->[com.google.android.gms:play-services-auth:20.5.0] AndroidManifest.xml:23:9-27:75
198            android:name="com.google.android.gms.auth.api.signin.internal.SignInHubActivity"
198-->[com.google.android.gms:play-services-auth:20.5.0] AndroidManifest.xml:24:13-93
199            android:excludeFromRecents="true"
199-->[com.google.android.gms:play-services-auth:20.5.0] AndroidManifest.xml:25:13-46
200            android:exported="false"
200-->[com.google.android.gms:play-services-auth:20.5.0] AndroidManifest.xml:26:13-37
201            android:theme="@android:style/Theme.Translucent.NoTitleBar" />
201-->[com.google.android.gms:play-services-auth:20.5.0] AndroidManifest.xml:27:13-72
202        <!--
203            Service handling Google Sign-In user revocation. For apps that do not integrate with
204            Google Sign-In, this service will never be started.
205        -->
206        <service
206-->[com.google.android.gms:play-services-auth:20.5.0] AndroidManifest.xml:33:9-37:51
207            android:name="com.google.android.gms.auth.api.signin.RevocationBoundService"
207-->[com.google.android.gms:play-services-auth:20.5.0] AndroidManifest.xml:34:13-89
208            android:exported="true"
208-->[com.google.android.gms:play-services-auth:20.5.0] AndroidManifest.xml:35:13-36
209            android:permission="com.google.android.gms.auth.api.signin.permission.REVOCATION_NOTIFICATION"
209-->[com.google.android.gms:play-services-auth:20.5.0] AndroidManifest.xml:36:13-107
210            android:visibleToInstantApps="true" />
210-->[com.google.android.gms:play-services-auth:20.5.0] AndroidManifest.xml:37:13-48
211
212        <activity
212-->[com.google.firebase:firebase-auth:21.3.0] AndroidManifest.xml:29:9-46:20
213            android:name="com.google.firebase.auth.internal.GenericIdpActivity"
213-->[com.google.firebase:firebase-auth:21.3.0] AndroidManifest.xml:30:13-80
214            android:excludeFromRecents="true"
214-->[com.google.firebase:firebase-auth:21.3.0] AndroidManifest.xml:31:13-46
215            android:exported="true"
215-->[com.google.firebase:firebase-auth:21.3.0] AndroidManifest.xml:32:13-36
216            android:launchMode="singleTask"
216-->[com.google.firebase:firebase-auth:21.3.0] AndroidManifest.xml:33:13-44
217            android:theme="@android:style/Theme.Translucent.NoTitleBar" >
217-->[com.google.firebase:firebase-auth:21.3.0] AndroidManifest.xml:34:13-72
218            <intent-filter>
218-->[com.google.firebase:firebase-auth:21.3.0] AndroidManifest.xml:35:13-45:29
219                <action android:name="android.intent.action.VIEW" />
219-->src\main\AndroidManifest.xml:41:17-69
219-->src\main\AndroidManifest.xml:41:25-66
220
221                <category android:name="android.intent.category.DEFAULT" />
221-->src\main\AndroidManifest.xml:42:17-76
221-->src\main\AndroidManifest.xml:42:27-73
222                <category android:name="android.intent.category.BROWSABLE" />
222-->src\main\AndroidManifest.xml:43:17-78
222-->src\main\AndroidManifest.xml:43:27-75
223
224                <data
224-->src\main\AndroidManifest.xml:44:17-75
225                    android:host="firebase.auth"
225-->src\main\AndroidManifest.xml:48:66-91
226                    android:path="/"
226-->src\main\AndroidManifest.xml:48:92-116
227                    android:scheme="genericidp" />
227-->src\main\AndroidManifest.xml:44:23-72
228            </intent-filter>
229        </activity>
230        <activity
230-->[com.google.firebase:firebase-auth:21.3.0] AndroidManifest.xml:47:9-64:20
231            android:name="com.google.firebase.auth.internal.RecaptchaActivity"
231-->[com.google.firebase:firebase-auth:21.3.0] AndroidManifest.xml:48:13-79
232            android:excludeFromRecents="true"
232-->[com.google.firebase:firebase-auth:21.3.0] AndroidManifest.xml:49:13-46
233            android:exported="true"
233-->[com.google.firebase:firebase-auth:21.3.0] AndroidManifest.xml:50:13-36
234            android:launchMode="singleTask"
234-->[com.google.firebase:firebase-auth:21.3.0] AndroidManifest.xml:51:13-44
235            android:theme="@android:style/Theme.Translucent.NoTitleBar" >
235-->[com.google.firebase:firebase-auth:21.3.0] AndroidManifest.xml:52:13-72
236            <intent-filter>
236-->[com.google.firebase:firebase-auth:21.3.0] AndroidManifest.xml:53:13-63:29
237                <action android:name="android.intent.action.VIEW" />
237-->src\main\AndroidManifest.xml:41:17-69
237-->src\main\AndroidManifest.xml:41:25-66
238
239                <category android:name="android.intent.category.DEFAULT" />
239-->src\main\AndroidManifest.xml:42:17-76
239-->src\main\AndroidManifest.xml:42:27-73
240                <category android:name="android.intent.category.BROWSABLE" />
240-->src\main\AndroidManifest.xml:43:17-78
240-->src\main\AndroidManifest.xml:43:27-75
241
242                <data
242-->src\main\AndroidManifest.xml:44:17-75
243                    android:host="firebase.auth"
243-->src\main\AndroidManifest.xml:48:66-91
244                    android:path="/"
244-->src\main\AndroidManifest.xml:48:92-116
245                    android:scheme="recaptcha" />
245-->src\main\AndroidManifest.xml:44:23-72
246            </intent-filter>
247        </activity>
248
249        <receiver
249-->[com.google.firebase:firebase-messaging:23.1.2] AndroidManifest.xml:31:9-38:20
250            android:name="com.google.firebase.iid.FirebaseInstanceIdReceiver"
250-->[com.google.firebase:firebase-messaging:23.1.2] AndroidManifest.xml:32:13-78
251            android:exported="true"
251-->[com.google.firebase:firebase-messaging:23.1.2] AndroidManifest.xml:33:13-36
252            android:permission="com.google.android.c2dm.permission.SEND" >
252-->[com.google.firebase:firebase-messaging:23.1.2] AndroidManifest.xml:34:13-73
253            <intent-filter>
253-->[:firebase_messaging] AndroidManifest.xml:32:13-34:29
254                <action android:name="com.google.android.c2dm.intent.RECEIVE" />
254-->[:firebase_messaging] AndroidManifest.xml:33:17-81
254-->[:firebase_messaging] AndroidManifest.xml:33:25-78
255            </intent-filter>
256        </receiver>
257        <!--
258             FirebaseMessagingService performs security checks at runtime,
259             but set to not exported to explicitly avoid allowing another app to call it.
260        -->
261        <service
261-->[com.google.firebase:firebase-messaging:23.1.2] AndroidManifest.xml:44:9-51:19
262            android:name="com.google.firebase.messaging.FirebaseMessagingService"
262-->[com.google.firebase:firebase-messaging:23.1.2] AndroidManifest.xml:45:13-82
263            android:directBootAware="true"
263-->[com.google.firebase:firebase-messaging:23.1.2] AndroidManifest.xml:46:13-43
264            android:exported="false" >
264-->[com.google.firebase:firebase-messaging:23.1.2] AndroidManifest.xml:47:13-37
265            <intent-filter android:priority="-500" >
265-->[:firebase_messaging] AndroidManifest.xml:23:13-25:29
266                <action android:name="com.google.firebase.MESSAGING_EVENT" />
266-->[:firebase_messaging] AndroidManifest.xml:24:17-78
266-->[:firebase_messaging] AndroidManifest.xml:24:25-75
267            </intent-filter>
268        </service>
269
270        <activity
270-->[com.google.android.gms:play-services-base:18.0.1] AndroidManifest.xml:20:9-22:45
271            android:name="com.google.android.gms.common.api.GoogleApiActivity"
271-->[com.google.android.gms:play-services-base:18.0.1] AndroidManifest.xml:20:19-85
272            android:exported="false"
272-->[com.google.android.gms:play-services-base:18.0.1] AndroidManifest.xml:22:19-43
273            android:theme="@android:style/Theme.Translucent.NoTitleBar" />
273-->[com.google.android.gms:play-services-base:18.0.1] AndroidManifest.xml:21:19-78
274
275        <provider
275-->[com.google.firebase:firebase-common:20.3.2] AndroidManifest.xml:25:9-30:39
276            android:name="com.google.firebase.provider.FirebaseInitProvider"
276-->[com.google.firebase:firebase-common:20.3.2] AndroidManifest.xml:26:13-77
277            android:authorities="com.example.task_firebase.firebaseinitprovider"
277-->[com.google.firebase:firebase-common:20.3.2] AndroidManifest.xml:27:13-72
278            android:directBootAware="true"
278-->[com.google.firebase:firebase-common:20.3.2] AndroidManifest.xml:28:13-43
279            android:exported="false"
279-->[com.google.firebase:firebase-common:20.3.2] AndroidManifest.xml:29:13-37
280            android:initOrder="100" />
280-->[com.google.firebase:firebase-common:20.3.2] AndroidManifest.xml:30:13-36
281
282        <meta-data
282-->[com.google.android.gms:play-services-basement:18.2.0] AndroidManifest.xml:21:9-23:69
283            android:name="com.google.android.gms.version"
283-->[com.google.android.gms:play-services-basement:18.2.0] AndroidManifest.xml:22:13-58
284            android:value="@integer/google_play_services_version" />
284-->[com.google.android.gms:play-services-basement:18.2.0] AndroidManifest.xml:23:13-66
285        <!--
286         The initialization ContentProvider will call FacebookSdk.sdkInitialize automatically
287         with the application context. This config is merged in with the host app's manifest,
288         but there can only be one provider with the same authority activated at any given
289         point; so if the end user has two or more different apps that use Facebook SDK, only the
290         first one will be able to use the provider. To work around this problem, we use the
291         following placeholder in the authority to identify each host application as if it was
292         a completely different provider.
293        -->
294        <provider
294-->[com.facebook.android:facebook-core:16.0.1] AndroidManifest.xml:29:9-32:40